<?xml version="1.0" encoding="UTF-8"?>
<testng-results ignored="0" total="8" passed="8" failed="0" skipped="0">
  <reporter-output>
  </reporter-output>
  <suite started-at="2023-05-18T15:46:45 EET" name="Default suite" finished-at="2023-05-18T15:48:53 EET" duration-ms="128857">
    <groups>
    </groups>
    <test started-at="2023-05-18T15:46:45 EET" name="Default test" finished-at="2023-05-18T15:48:53 EET" duration-ms="128857">
      <class name="Almosafer">
        <test-method is-config="true" signature="BeforeTest()[pri:0, instance:Almosafer@1286528d]" started-at="2023-05-18T15:46:45 EET" name="BeforeTest" finished-at="2023-05-18T15:48:10 EET" duration-ms="85007" status="PASS">
          <reporter-output>
          </reporter-output>
        </test-method> <!-- BeforeTest -->
        <test-method signature="check_the_website_default_currency()[pri:1, instance:Almosafer@1286528d]" started-at="2023-05-18T15:48:10 EET" name="check_the_website_default_currency" finished-at="2023-05-18T15:48:10 EET" duration-ms="42" status="PASS">
          <reporter-output>
          </reporter-output>
        </test-method> <!-- check_the_website_default_currency -->
        <test-method signature="check_contact_numbers()[pri:2, instance:Almosafer@1286528d]" started-at="2023-05-18T15:48:10 EET" name="check_contact_numbers" finished-at="2023-05-18T15:48:10 EET" duration-ms="27" status="PASS">
          <reporter-output>
          </reporter-output>
        </test-method> <!-- check_contact_numbers -->
        <test-method signature="check_the_Qitaf_logo()[pri:3, instance:Almosafer@1286528d]" started-at="2023-05-18T15:48:10 EET" name="check_the_Qitaf_logo" finished-at="2023-05-18T15:48:10 EET" duration-ms="38" status="PASS">
          <reporter-output>
          </reporter-output>
        </test-method> <!-- check_the_Qitaf_logo -->
        <test-method signature="hotels_search_tab()[pri:4, instance:Almosafer@1286528d]" started-at="2023-05-18T15:48:10 EET" name="hotels_search_tab" finished-at="2023-05-18T15:48:10 EET" duration-ms="27" status="PASS">
          <reporter-output>
          </reporter-output>
        </test-method> <!-- hotels_search_tab -->
        <test-method signature="Random_lang_selected()[pri:5, instance:Almosafer@1286528d]" started-at="2023-05-18T15:48:10 EET" name="Random_lang_selected" finished-at="2023-05-18T15:48:15 EET" duration-ms="5149" status="PASS">
          <reporter-output>
          </reporter-output>
        </test-method> <!-- Random_lang_selected -->
        <test-method signature="hotel_search_tab()[pri:6, instance:Almosafer@1286528d]" started-at="2023-05-18T15:48:15 EET" name="hotel_search_tab" finished-at="2023-05-18T15:48:15 EET" duration-ms="453" status="PASS">
          <reporter-output>
          </reporter-output>
        </test-method> <!-- hotel_search_tab -->
        <test-method signature="Room_specifications()[pri:7, instance:Almosafer@1286528d]" started-at="2023-05-18T15:48:15 EET" name="Room_specifications" finished-at="2023-05-18T15:48:52 EET" duration-ms="36305" status="PASS">
          <reporter-output>
          </reporter-output>
        </test-method> <!-- Room_specifications -->
        <test-method signature="check_the_website_default_language()[pri:8, instance:Almosafer@1286528d]" started-at="2023-05-18T15:48:52 EET" name="check_the_website_default_language" finished-at="2023-05-18T15:48:53 EET" duration-ms="1757" status="PASS">
          <reporter-output>
          </reporter-output>
        </test-method> <!-- check_the_website_default_language -->
        <test-method is-config="true" signature="myAfterTest()[pri:0, instance:Almosafer@1286528d]" started-at="2023-05-18T15:48:53 EET" name="myAfterTest" finished-at="2023-05-18T15:48:53 EET" duration-ms="1" status="FAIL">
          <exception class="java.lang.AssertionError">
            <message>
              <![CDATA[The following asserts failed:
the default lang is arabic expected [English] but found [العربية]]]>
            </message>
            <full-stacktrace>
              <![CDATA[java.lang.AssertionError: The following asserts failed:
the default lang is arabic expected [English] but found [العربية]
at org.testng.asserts.SoftAssert.assertAll(SoftAssert.java:47)
at org.testng.asserts.SoftAssert.assertAll(SoftAssert.java:31)
at Almosafer.myAfterTest(Almosafer.java:127)
at java.base/jdk.internal.reflect.DirectMethodHandleAccessor.invoke(DirectMethodHandleAccessor.java:104)
at java.base/java.lang.reflect.Method.invoke(Method.java:578)
at org.testng.internal.MethodInvocationHelper.invokeMethod(MethodInvocationHelper.java:133)
at org.testng.internal.MethodInvocationHelper.invokeMethodConsideringTimeout(MethodInvocationHelper.java:62)
at org.testng.internal.ConfigInvoker.invokeConfigurationMethod(ConfigInvoker.java:385)
at org.testng.internal.ConfigInvoker.invokeConfigurations(ConfigInvoker.java:321)
at org.testng.TestRunner.invokeTestConfigurations(TestRunner.java:637)
at org.testng.TestRunner.afterRun(TestRunner.java:877)
at org.testng.TestRunner.run(TestRunner.java:599)
at org.testng.SuiteRunner.runTest(SuiteRunner.java:377)
at org.testng.SuiteRunner.runSequentially(SuiteRunner.java:371)
at org.testng.SuiteRunner.privateRun(SuiteRunner.java:332)
at org.testng.SuiteRunner.run(SuiteRunner.java:276)
at org.testng.SuiteRunnerWorker.runSuite(SuiteRunnerWorker.java:53)
at org.testng.SuiteRunnerWorker.run(SuiteRunnerWorker.java:96)
at org.testng.TestNG.runSuitesSequentially(TestNG.java:1212)
at org.testng.TestNG.runSuitesLocally(TestNG.java:1134)
at org.testng.TestNG.runSuites(TestNG.java:1063)
at org.testng.TestNG.run(TestNG.java:1031)
at org.testng.remote.AbstractRemoteTestNG.run(AbstractRemoteTestNG.java:115)
at org.testng.remote.RemoteTestNG.initAndRun(RemoteTestNG.java:251)
at org.testng.remote.RemoteTestNG.main(RemoteTestNG.java:77)
]]>
            </full-stacktrace>
          </exception> <!-- java.lang.AssertionError -->
          <reporter-output>
          </reporter-output>
        </test-method> <!-- myAfterTest -->
      </class> <!-- Almosafer -->
    </test> <!-- Default test -->
  </suite> <!-- Default suite -->
</testng-results>
